2021-06-26 15:49:42,587 - run.py[line:49] - INFO: exp params
2021-06-26 15:49:42,587 - run.py[line:51] - INFO: device: cuda:1
2021-06-26 15:49:42,587 - run.py[line:51] - INFO: model: bert_mean_pool
2021-06-26 15:49:42,587 - run.py[line:51] - INFO: dataset: CHIP-STS
2021-06-26 15:49:42,587 - run.py[line:51] - INFO: data_method: CHIP-STS_pos_only
2021-06-26 15:49:42,587 - run.py[line:51] - INFO: train_method: cons
2021-06-26 15:49:42,588 - run.py[line:51] - INFO: eval_method: auc
2021-06-26 15:49:42,588 - run.py[line:51] - INFO: bert_path: /home/users/liuhongli/Models/prev_trained_model/MTBert/
2021-06-26 15:49:42,588 - run.py[line:51] - INFO: log_name: CHIP_STS_MT_BERT_AUC_EP20
2021-06-26 15:49:42,588 - run.py[line:51] - INFO: save_path: /home/users/liuhongli/Models/prev_trained_model/mt_bert_sts_auc/
2021-06-26 15:49:42,588 - run.py[line:51] - INFO: dev_step: 10
2021-06-26 15:49:42,588 - run.py[line:51] - INFO: dev_rate: 1.0
2021-06-26 15:49:42,588 - run.py[line:51] - INFO: test_step: 1000
2021-06-26 15:49:42,588 - run.py[line:51] - INFO: require_improvement: 1000
2021-06-26 15:49:42,588 - run.py[line:51] - INFO: num_epochs: 20
2021-06-26 15:49:42,588 - run.py[line:51] - INFO: batch_size: 96
2021-06-26 15:49:42,588 - run.py[line:51] - INFO: pad_size: 32
2021-06-26 15:49:42,588 - run.py[line:51] - INFO: hidden_size: 768
2021-06-26 15:49:42,589 - run.py[line:51] - INFO: hitn: 10
2021-06-26 15:49:42,589 - run.py[line:51] - INFO: output_size: 100
2021-06-26 15:49:42,589 - run.py[line:51] - INFO: learning_rate: 2e-05
2021-06-26 15:49:42,589 - run.py[line:51] - INFO: margin: 0.1
2021-06-26 15:49:42,589 - run.py[line:51] - INFO: gama: 0.1
2021-06-26 15:49:42,589 - run.py[line:51] - INFO: seed: 1
2021-06-26 15:49:42,589 - run.py[line:70] - INFO: Loading data...
2021-06-26 15:49:51,180 - run.py[line:80] - INFO: Time usage:0:00:09
2021-06-26 15:49:55,502 - /home/users/liuhongli/Models/Bert-Chinese-Text-Classification-Pytorch/train_eval.py[line:77] - INFO: Epoch [1/20]
2021-06-26 17:04:04,531 - run.py[line:49] - INFO: exp params
2021-06-26 17:04:04,531 - run.py[line:51] - INFO: device: cuda:1
2021-06-26 17:04:04,531 - run.py[line:51] - INFO: model: bert_mean_pool
2021-06-26 17:04:04,531 - run.py[line:51] - INFO: dataset: CHIP-STS
2021-06-26 17:04:04,531 - run.py[line:51] - INFO: data_method: CHIP-STS_pos_only
2021-06-26 17:04:04,531 - run.py[line:51] - INFO: train_method: cons
2021-06-26 17:04:04,532 - run.py[line:51] - INFO: eval_method: auc
2021-06-26 17:04:04,532 - run.py[line:51] - INFO: bert_path: /home/users/liuhongli/Models/prev_trained_model/MTBert/
2021-06-26 17:04:04,532 - run.py[line:51] - INFO: log_name: CHIP_STS_MT_BERT_AUC_EP20
2021-06-26 17:04:04,532 - run.py[line:51] - INFO: save_path: /home/users/liuhongli/Models/prev_trained_model/mt_bert_sts_auc/
2021-06-26 17:04:04,532 - run.py[line:51] - INFO: dev_step: 10
2021-06-26 17:04:04,532 - run.py[line:51] - INFO: dev_rate: 1.0
2021-06-26 17:04:04,532 - run.py[line:51] - INFO: test_step: 1000
2021-06-26 17:04:04,532 - run.py[line:51] - INFO: require_improvement: 1000
2021-06-26 17:04:04,532 - run.py[line:51] - INFO: num_epochs: 20
2021-06-26 17:04:04,532 - run.py[line:51] - INFO: batch_size: 96
2021-06-26 17:04:04,532 - run.py[line:51] - INFO: pad_size: 32
2021-06-26 17:04:04,532 - run.py[line:51] - INFO: hidden_size: 768
2021-06-26 17:04:04,532 - run.py[line:51] - INFO: hitn: 10
2021-06-26 17:04:04,533 - run.py[line:51] - INFO: output_size: 100
2021-06-26 17:04:04,533 - run.py[line:51] - INFO: learning_rate: 2e-05
2021-06-26 17:04:04,533 - run.py[line:51] - INFO: margin: 0.1
2021-06-26 17:04:04,533 - run.py[line:51] - INFO: gama: 0.1
2021-06-26 17:04:04,533 - run.py[line:51] - INFO: seed: 1
2021-06-26 17:04:04,534 - run.py[line:70] - INFO: Loading data...
2021-06-26 17:04:13,306 - run.py[line:80] - INFO: Time usage:0:00:09
2021-06-26 17:04:18,010 - /home/users/liuhongli/Models/Bert-Chinese-Text-Classification-Pytorch/train_eval.py[line:77] - INFO: Epoch [1/20]
2021-06-26 17:05:17,598 - /home/users/liuhongli/Models/Bert-Chinese-Text-Classification-Pytorch/train_eval.py[line:127] - INFO: Iter: 10,  Train Loss: 2.570660352706909,  Val f1: 0.7146439317953862, Val auc: 0.7874856964423175, Time: 0:01:00 *
2021-06-26 17:06:18,991 - /home/users/liuhongli/Models/Bert-Chinese-Text-Classification-Pytorch/train_eval.py[line:127] - INFO: Iter: 20,  Train Loss: 1.28459632396698,  Val f1: 0.7382146439317953, Val auc: 0.8325339341515081, Time: 0:02:01 *
2021-06-26 17:07:16,889 - /home/users/liuhongli/Models/Bert-Chinese-Text-Classification-Pytorch/train_eval.py[line:127] - INFO: Iter: 30,  Train Loss: 1.1112163066864014,  Val f1: 0.7622868605817452, Val auc: 0.8587477271187454, Time: 0:02:59 *
