2021-06-26 14:21:07,953 - run.py[line:49] - INFO: exp params
2021-06-26 14:21:07,953 - run.py[line:51] - INFO: device: cuda:2
2021-06-26 14:21:07,953 - run.py[line:51] - INFO: model: bert_mean_pool
2021-06-26 14:21:07,953 - run.py[line:51] - INFO: dataset: CHIP-STS
2021-06-26 14:21:07,953 - run.py[line:51] - INFO: data_method: CHIP-STS_pos_only
2021-06-26 14:21:07,953 - run.py[line:51] - INFO: train_method: cons
2021-06-26 14:21:07,953 - run.py[line:51] - INFO: eval_method: auc
2021-06-26 14:21:07,953 - run.py[line:51] - INFO: bert_path: /home/users/liuhongli/Models/prev_trained_model/roberta_wwm_ext
2021-06-26 14:21:07,953 - run.py[line:51] - INFO: log_name: CHIP_STS_ROBERTA_WWM_AUC
2021-06-26 14:21:07,953 - run.py[line:51] - INFO: save_path: /home/users/liuhongli/Models/prev_trained_model/roberta_wwm_sts_auc/
2021-06-26 14:21:07,954 - run.py[line:51] - INFO: dev_step: 10
2021-06-26 14:21:07,954 - run.py[line:51] - INFO: dev_rate: 1.0
2021-06-26 14:21:07,954 - run.py[line:51] - INFO: test_step: 1000
2021-06-26 14:21:07,954 - run.py[line:51] - INFO: require_improvement: 1000
2021-06-26 14:21:07,954 - run.py[line:51] - INFO: num_epochs: 3
2021-06-26 14:21:07,954 - run.py[line:51] - INFO: batch_size: 96
2021-06-26 14:21:07,954 - run.py[line:51] - INFO: pad_size: 32
2021-06-26 14:21:07,954 - run.py[line:51] - INFO: hidden_size: 768
2021-06-26 14:21:07,954 - run.py[line:51] - INFO: hitn: 10
2021-06-26 14:21:07,954 - run.py[line:51] - INFO: output_size: 100
2021-06-26 14:21:07,954 - run.py[line:51] - INFO: learning_rate: 2e-05
2021-06-26 14:21:07,954 - run.py[line:51] - INFO: margin: 0.1
2021-06-26 14:21:07,954 - run.py[line:51] - INFO: gama: 0.1
2021-06-26 14:21:07,954 - run.py[line:51] - INFO: seed: 1
2021-06-26 14:21:07,955 - run.py[line:70] - INFO: Loading data...
2021-06-26 14:21:17,208 - run.py[line:80] - INFO: Time usage:0:00:09
2021-06-26 14:21:24,553 - /home/users/liuhongli/Models/Bert-Chinese-Text-Classification-Pytorch/train_eval.py[line:77] - INFO: Epoch [1/3]
2021-06-26 14:22:36,740 - /home/users/liuhongli/Models/Bert-Chinese-Text-Classification-Pytorch/train_eval.py[line:127] - INFO: Iter: 10,  Train Loss: 1.396659016609192,  Val Acc: 0.8232166523037321, Val score: 0.8232166523037321, Time: 0:01:12 *
2021-06-26 14:23:47,665 - /home/users/liuhongli/Models/Bert-Chinese-Text-Classification-Pytorch/train_eval.py[line:127] - INFO: Iter: 20,  Train Loss: 0.8160791397094727,  Val Acc: 0.8721632579385526, Val score: 0.8721632579385526, Time: 0:02:23 *
2021-06-26 14:24:58,455 - /home/users/liuhongli/Models/Bert-Chinese-Text-Classification-Pytorch/train_eval.py[line:127] - INFO: Iter: 30,  Train Loss: 0.7429237961769104,  Val Acc: 0.8773125387042959, Val score: 0.8773125387042959, Time: 0:03:34 *
2021-06-26 14:26:05,605 - /home/users/liuhongli/Models/Bert-Chinese-Text-Classification-Pytorch/train_eval.py[line:127] - INFO: Iter: 40,  Train Loss: 0.6446112990379333,  Val Acc: 0.8792143462339735, Val score: 0.8792143462339735, Time: 0:04:41 *
2021-06-26 14:27:17,884 - /home/users/liuhongli/Models/Bert-Chinese-Text-Classification-Pytorch/train_eval.py[line:127] - INFO: Iter: 50,  Train Loss: 0.5103912949562073,  Val Acc: 0.8851082745253043, Val score: 0.8851082745253043, Time: 0:05:53 *
2021-06-26 14:28:32,983 - /home/users/liuhongli/Models/Bert-Chinese-Text-Classification-Pytorch/train_eval.py[line:127] - INFO: Iter: 60,  Train Loss: 0.6154583096504211,  Val Acc: 0.89209198578257, Val score: 0.89209198578257, Time: 0:07:08 *
2021-06-26 14:29:44,659 - /home/users/liuhongli/Models/Bert-Chinese-Text-Classification-Pytorch/train_eval.py[line:127] - INFO: Iter: 70,  Train Loss: 0.5067861676216125,  Val Acc: 0.8943495540740106, Val score: 0.8943495540740106, Time: 0:08:20 *
2021-06-26 14:31:04,480 - /home/users/liuhongli/Models/Bert-Chinese-Text-Classification-Pytorch/train_eval.py[line:127] - INFO: Iter: 80,  Train Loss: 0.5467113852500916,  Val Acc: 0.8976229030928186, Val score: 0.8976229030928186, Time: 0:09:40 *
2021-06-26 14:31:27,980 - /home/users/liuhongli/Models/Bert-Chinese-Text-Classification-Pytorch/train_eval.py[line:77] - INFO: Epoch [2/3]
2021-06-26 14:32:12,088 - /home/users/liuhongli/Models/Bert-Chinese-Text-Classification-Pytorch/train_eval.py[line:127] - INFO: Iter: 90,  Train Loss: 0.5562280416488647,  Val Acc: 0.9004767394213674, Val score: 0.9004767394213674, Time: 0:10:48 *
2021-06-26 14:33:23,296 - /home/users/liuhongli/Models/Bert-Chinese-Text-Classification-Pytorch/train_eval.py[line:127] - INFO: Iter: 100,  Train Loss: 0.4901116192340851,  Val Acc: 0.898298923542437, Val score: 0.898298923542437, Time: 0:11:59 
2021-06-26 14:34:45,287 - /home/users/liuhongli/Models/Bert-Chinese-Text-Classification-Pytorch/train_eval.py[line:127] - INFO: Iter: 110,  Train Loss: 0.34800484776496887,  Val Acc: 0.9030153162133152, Val score: 0.9030153162133152, Time: 0:13:21 *
2021-06-26 14:36:02,057 - /home/users/liuhongli/Models/Bert-Chinese-Text-Classification-Pytorch/train_eval.py[line:127] - INFO: Iter: 120,  Train Loss: 0.2920663356781006,  Val Acc: 0.9041912267846102, Val score: 0.9041912267846102, Time: 0:14:38 *
2021-06-26 14:37:18,877 - /home/users/liuhongli/Models/Bert-Chinese-Text-Classification-Pytorch/train_eval.py[line:127] - INFO: Iter: 130,  Train Loss: 0.35029661655426025,  Val Acc: 0.9022195421411497, Val score: 0.9022195421411497, Time: 0:15:54 
2021-06-26 14:38:38,769 - /home/users/liuhongli/Models/Bert-Chinese-Text-Classification-Pytorch/train_eval.py[line:127] - INFO: Iter: 140,  Train Loss: 0.29477062821388245,  Val Acc: 0.9012833888225119, Val score: 0.9012833888225119, Time: 0:17:14 
2021-06-26 14:39:56,901 - /home/users/liuhongli/Models/Bert-Chinese-Text-Classification-Pytorch/train_eval.py[line:127] - INFO: Iter: 150,  Train Loss: 0.3925664722919464,  Val Acc: 0.902188041188246, Val score: 0.902188041188246, Time: 0:18:32 
2021-06-26 14:41:13,796 - /home/users/liuhongli/Models/Bert-Chinese-Text-Classification-Pytorch/train_eval.py[line:127] - INFO: Iter: 160,  Train Loss: 0.3592488765716553,  Val Acc: 0.9040650979692135, Val score: 0.9040650979692135, Time: 0:19:49 
2021-06-26 14:42:08,616 - /home/users/liuhongli/Models/Bert-Chinese-Text-Classification-Pytorch/train_eval.py[line:77] - INFO: Epoch [3/3]
2021-06-26 14:42:27,421 - /home/users/liuhongli/Models/Bert-Chinese-Text-Classification-Pytorch/train_eval.py[line:127] - INFO: Iter: 170,  Train Loss: 0.30901896953582764,  Val Acc: 0.9051396304738218, Val score: 0.9051396304738218, Time: 0:21:03 *
2021-06-26 14:43:47,282 - /home/users/liuhongli/Models/Bert-Chinese-Text-Classification-Pytorch/train_eval.py[line:127] - INFO: Iter: 180,  Train Loss: 0.33350440859794617,  Val Acc: 0.9053411365693812, Val score: 0.9053411365693812, Time: 0:22:23 *
2021-06-26 14:44:46,462 - /home/users/liuhongli/Models/Bert-Chinese-Text-Classification-Pytorch/train_eval.py[line:127] - INFO: Iter: 190,  Train Loss: 0.3442765772342682,  Val Acc: 0.9051238799973699, Val score: 0.9051238799973699, Time: 0:23:22 
2021-06-26 14:45:46,077 - /home/users/liuhongli/Models/Bert-Chinese-Text-Classification-Pytorch/train_eval.py[line:127] - INFO: Iter: 200,  Train Loss: 0.21814393997192383,  Val Acc: 0.9057426487151237, Val score: 0.9057426487151237, Time: 0:24:22 *
2021-06-26 14:46:45,907 - /home/users/liuhongli/Models/Bert-Chinese-Text-Classification-Pytorch/train_eval.py[line:127] - INFO: Iter: 210,  Train Loss: 0.24488145112991333,  Val Acc: 0.9057496489268801, Val score: 0.9057496489268801, Time: 0:25:21 *
2021-06-26 14:47:47,110 - /home/users/liuhongli/Models/Bert-Chinese-Text-Classification-Pytorch/train_eval.py[line:127] - INFO: Iter: 220,  Train Loss: 0.25553300976753235,  Val Acc: 0.9054646403053692, Val score: 0.9054646403053692, Time: 0:26:23 
2021-06-26 14:48:48,208 - /home/users/liuhongli/Models/Bert-Chinese-Text-Classification-Pytorch/train_eval.py[line:127] - INFO: Iter: 230,  Train Loss: 0.270036906003952,  Val Acc: 0.905190132001493, Val score: 0.905190132001493, Time: 0:27:24 
2021-06-26 14:49:49,102 - /home/users/liuhongli/Models/Bert-Chinese-Text-Classification-Pytorch/train_eval.py[line:127] - INFO: Iter: 240,  Train Loss: 0.3587284982204437,  Val Acc: 0.9050966291730325, Val score: 0.9050966291730325, Time: 0:28:25 
2021-06-26 14:50:47,205 - /home/users/liuhongli/Models/Bert-Chinese-Text-Classification-Pytorch/train_eval.py[line:127] - INFO: Iter: 250,  Train Loss: 0.3146308958530426,  Val Acc: 0.9051723814645393, Val score: 0.9051723814645393, Time: 0:29:23 
